# JRE version: OpenJDK Runtime Environment Temurin-17.0.3+7 (17.0.3+7) (build 17.0.3+7)
# Java VM: OpenJDK 64-Bit Server VM Temurin-17.0.3+7 (17.0.3+7, mixed mode, tiered, compressed oops, compressed class ptrs, g1 gc, windows-amd64)
GC Precious Log:
 CPUs: 8 total, 8 available
 Memory: 3974M
 Large Page Support: Disabled
 NUMA Support: Disabled
 Compressed Oops: Enabled (32-bit)
 Heap Region Size: 1M
 Heap Min Capacity: 8M
 Heap Initial Capacity: 64M
 Heap Max Capacity: 994M
 Pre-touch: Disabled
 Parallel Workers: 8
 Concurrent Workers: 2
 Concurrent Refinement Workers: 8
 Periodic GC: Disabled
Heap:
 garbage-first heap   total 53248K, used 35858K [0x00000000c1e00000, 0x0000000100000000)
  region size 1024K, 12 young (12288K), 0 survivors (0K)
 Metaspace       used 71683K, committed 72128K, reserved 1114112K
  class space    used 9164K, committed 9408K, reserved 1048576K
GC Heap History (20 events):
Event: 163.946 GC heap before
{Heap before GC invocations=36 (full 0):
 garbage-first heap   total 48128K, used 39066K [0x00000000c1e00000, 0x0000000100000000)
  region size 1024K, 13 young (13312K), 2 survivors (2048K)
 Metaspace       used 64358K, committed 64768K, reserved 1105920K
  class space    used 8305K, committed 8512K, reserved 1048576K
}
Event: 164.061 GC heap after
{Heap after GC invocations=37 (full 0):
 garbage-first heap   total 48128K, used 28031K [0x00000000c1e00000, 0x0000000100000000)
  region size 1024K, 1 young (1024K), 1 survivors (1024K)
 Metaspace       used 64358K, committed 64768K, reserved 1105920K
  class space    used 8305K, committed 8512K, reserved 1048576K
}
Event: 203.864 GC heap before
{Heap before GC invocations=38 (full 0):
 garbage-first heap   total 51200K, used 38271K [0x00000000c1e00000, 0x0000000100000000)
  region size 1024K, 11 young (11264K), 1 survivors (1024K)
 Metaspace       used 66410K, committed 66880K, reserved 1114112K
  class space    used 8553K, committed 8768K, reserved 1048576K
}
Event: 203.889 GC heap after
{Heap after GC invocations=39 (full 0):
 garbage-first heap   total 51200K, used 28422K [0x00000000c1e00000, 0x0000000100000000)
  region size 1024K, 1 young (1024K), 1 survivors (1024K)
 Metaspace       used 66410K, committed 66880K, reserved 1114112K
  class space    used 8553K, committed 8768K, reserved 1048576K
}
Event: 204.064 GC heap before
{Heap before GC invocations=39 (full 0):
 garbage-first heap   total 51200K, used 28422K [0x00000000c1e00000, 0x0000000100000000)
  region size 1024K, 2 young (2048K), 1 survivors (1024K)
 Metaspace       used 66685K, committed 67072K, reserved 1114112K
  class space    used 8586K, committed 8768K, reserved 1048576K
}
Event: 204.122 GC heap after
{Heap after GC invocations=40 (full 0):
 garbage-first heap   total 51200K, used 28415K [0x00000000c1e00000, 0x0000000100000000)
  region size 1024K, 1 young (1024K), 1 survivors (1024K)
 Metaspace       used 66685K, committed 67072K, reserved 1114112K
  class space    used 8586K, committed 8768K, reserved 1048576K
}
Event: 235.940 GC heap before
{Heap before GC invocations=40 (full 0):
 garbage-first heap   total 51200K, used 41727K [0x00000000c1e00000, 0x0000000100000000)
  region size 1024K, 14 young (14336K), 1 survivors (1024K)
 Metaspace       used 69630K, committed 70016K, reserved 1114112K
  class space    used 8921K, committed 9088K, reserved 1048576K
}
Event: 235.982 GC heap after
{Heap after GC invocations=41 (full 0):
 garbage-first heap   total 51200K, used 29113K [0x00000000c1e00000, 0x0000000100000000)
  region size 1024K, 1 young (1024K), 1 survivors (1024K)
 Metaspace       used 69630K, committed 70016K, reserved 1114112K
  class space    used 8921K, committed 9088K, reserved 1048576K
}
Event: 280.244 GC heap before
{Heap before GC invocations=42 (full 0):
 garbage-first heap   total 53248K, used 41401K [0x00000000c1e00000, 0x0000000100000000)
  region size 1024K, 13 young (13312K), 1 survivors (1024K)
 Metaspace       used 71257K, committed 71616K, reserved 1114112K
  class space    used 9121K, committed 9280K, reserved 1048576K
}
Event: 280.368 GC heap after
{Heap after GC invocations=43 (full 0):
 garbage-first heap   total 53248K, used 29597K [0x00000000c1e00000, 0x0000000100000000)
  region size 1024K, 2 young (2048K), 2 survivors (2048K)
 Metaspace       used 71257K, committed 71616K, reserved 1114112K
  class space    used 9121K, committed 9280K, reserved 1048576K
}
Event: 428.678 GC heap before
{Heap before GC invocations=43 (full 0):
 garbage-first heap   total 53248K, used 42909K [0x00000000c1e00000, 0x0000000100000000)
  region size 1024K, 15 young (15360K), 2 survivors (2048K)
 Metaspace       used 71463K, committed 71872K, reserved 1114112K
  class space    used 9141K, committed 9344K, reserved 1048576K
}
Event: 428.883 GC heap after
{Heap after GC invocations=44 (full 0):
 garbage-first heap   total 53248K, used 29677K [0x00000000c1e00000, 0x0000000100000000)
  region size 1024K, 1 young (1024K), 1 survivors (1024K)
 Metaspace       used 71463K, committed 71872K, reserved 1114112K
  class space    used 9141K, committed 9344K, reserved 1048576K
}
Event: 611.280 GC heap before
{Heap before GC invocations=45 (full 0):
 garbage-first heap   total 53248K, used 44013K [0x00000000c1e00000, 0x0000000100000000)
  region size 1024K, 15 young (15360K), 1 survivors (1024K)
 Metaspace       used 71476K, committed 71936K, reserved 1114112K
  class space    used 9141K, committed 9344K, reserved 1048576K
}
Event: 611.428 GC heap after
{Heap after GC invocations=46 (full 0):
 garbage-first heap   total 53248K, used 29652K [0x00000000c1e00000, 0x0000000100000000)
  region size 1024K, 1 young (1024K), 1 survivors (1024K)
 Metaspace       used 71476K, committed 71936K, reserved 1114112K
  class space    used 9141K, committed 9344K, reserved 1048576K
}
Event: 793.467 GC heap before
{Heap before GC invocations=46 (full 0):
 garbage-first heap   total 53248K, used 43988K [0x00000000c1e00000, 0x0000000100000000)
  region size 1024K, 15 young (15360K), 1 survivors (1024K)
 Metaspace       used 71476K, committed 71936K, reserved 1114112K
  class space    used 9141K, committed 9344K, reserved 1048576K
}
Event: 793.599 GC heap after
{Heap after GC invocations=47 (full 0):
 garbage-first heap   total 53248K, used 29675K [0x00000000c1e00000, 0x0000000100000000)
  region size 1024K, 1 young (1024K), 1 survivors (1024K)
 Metaspace       used 71476K, committed 71936K, reserved 1114112K
  class space    used 9141K, committed 9344K, reserved 1048576K
}
Event: 977.714 GC heap before
{Heap before GC invocations=48 (full 0):
 garbage-first heap   total 53248K, used 44011K [0x00000000c1e00000, 0x0000000100000000)
  region size 1024K, 15 young (15360K), 1 survivors (1024K)
 Metaspace       used 71477K, committed 71936K, reserved 1114112K
  class space    used 9141K, committed 9344K, reserved 1048576K
}
Event: 977.955 GC heap after
{Heap after GC invocations=49 (full 0):
 garbage-first heap   total 53248K, used 29680K [0x00000000c1e00000, 0x0000000100000000)
  region size 1024K, 1 young (1024K), 1 survivors (1024K)
 Metaspace       used 71477K, committed 71936K, reserved 1114112K
  class space    used 9141K, committed 9344K, reserved 1048576K
}
Event: 993.959 GC heap before
{Heap before GC invocations=49 (full 0):
 garbage-first heap   total 53248K, used 31728K [0x00000000c1e00000, 0x0000000100000000)
  region size 1024K, 4 young (4096K), 1 survivors (1024K)
 Metaspace       used 71640K, committed 72128K, reserved 1114112K
  class space    used 9169K, committed 9408K, reserved 1048576K
}
Event: 997.050 GC heap after
{Heap after GC invocations=50 (full 1):
 garbage-first heap   total 53248K, used 24594K [0x00000000c1e00000, 0x0000000100000000)
  region size 1024K, 0 young (0K), 0 survivors (0K)
 Metaspace       used 71606K, committed 72128K, reserved 1114112K
  class space    used 9162K, committed 9408K, reserved 1048576K
}

